INFO:__main__:======================================================================
INFO:__main__:GRAPH-BASED COMPLIANCE API - FastAPI
INFO:__main__:======================================================================
INFO:__main__:Rule logic is in FalkorDB RulesGraph for scalability
INFO:__main__:Starting server on http://0.0.0.0:5001
INFO:__main__:Swagger UI: http://localhost:5001/docs
INFO:__main__:ReDoc: http://localhost:5001/redoc
INFO:__main__:======================================================================
INFO:     Started server process [74677]
INFO:     Waiting for application startup.
INFO:     Application startup complete.
INFO:     Uvicorn running on http://0.0.0.0:5001 (Press CTRL+C to quit)
INFO:__main__:Evaluating rules via RulesGraph: United States → China
INFO:__main__:Querying RulesGraph for: United States → China, has_pii=True, has_health_data=None
INFO:__main__:Triggered 3 rules with requirements: {'pia_module': 'CM'}
INFO:     127.0.0.1:57636 - "POST /api/evaluate-rules HTTP/1.1" 200 OK
INFO:__main__:Evaluating rules via RulesGraph: United States → China
INFO:__main__:Querying RulesGraph for: United States → China, has_pii=False, has_health_data=None
INFO:__main__:Triggered 1 rules with requirements: {}
INFO:     127.0.0.1:57695 - "POST /api/evaluate-rules HTTP/1.1" 200 OK
INFO:__main__:Evaluating rules via RulesGraph: United States → Canada
INFO:__main__:Querying RulesGraph for: United States → Canada, has_pii=False, has_health_data=True
INFO:__main__:Triggered 1 rules with requirements: {}
INFO:     127.0.0.1:57750 - "POST /api/evaluate-rules HTTP/1.1" 200 OK
INFO:__main__:Evaluating rules via RulesGraph: Ireland → Poland
INFO:__main__:Querying RulesGraph for: Ireland → Poland, has_pii=True, has_health_data=None
INFO:__main__:Triggered 3 rules with requirements: {'pia_module': 'CM', 'hrpr_module': 'CM'}
INFO:     127.0.0.1:57808 - "POST /api/evaluate-rules HTTP/1.1" 200 OK
INFO:     Shutting down
INFO:     Waiting for application shutdown.
INFO:     Application shutdown complete.
INFO:     Finished server process [74677]
