INFO:__main__:======================================================================
INFO:__main__:DEONTIC COMPLIANCE API - FastAPI
INFO:__main__:======================================================================
INFO:__main__:Using formal deontic logic: Actions, Permissions, Prohibitions, Duties
INFO:__main__:Starting server on http://0.0.0.0:5001
INFO:__main__:Swagger UI: http://localhost:5001/docs
INFO:__main__:ReDoc: http://localhost:5001/redoc
INFO:__main__:======================================================================
INFO:     Started server process [79479]
INFO:     Waiting for application startup.
INFO:     Application startup complete.
INFO:     Uvicorn running on http://0.0.0.0:5001 (Press CTRL+C to quit)
INFO:__main__:Evaluating rules via Deontic RulesGraph: United States → China
INFO:__main__:Querying Deontic RulesGraph for: United States → China, has_pii=False, has_health_data=None
INFO:__main__:Triggered 1 rules, has_prohibitions=True
INFO:     127.0.0.1:63949 - "POST /api/evaluate-rules HTTP/1.1" 200 OK
INFO:     Shutting down
INFO:     Waiting for application shutdown.
INFO:     Application shutdown complete.
INFO:     Finished server process [79479]
